********************************************************************************
DUPLICATOR-LITE PACKAGE-LOG: May 29, 2018 11:46 am
NOTICE: Do NOT post to public sites or forums 
********************************************************************************
VERSION:	1.2.38
WORDPRESS:	4.9.6
PHP INFO:	7.2.5 | SAPI: apache2handler
SERVER:		Apache/2.4.33 (Win32) OpenSSL/1.1.0h PHP/7.2.5 
PHP TIME LIMIT: (0) no time limit imposed 
PHP MAX MEMORY: 2048M (128M default) 
MEMORY STACK: 2MB 

********************************************************************************
DATABASE:
********************************************************************************
BUILD MODE:   MYSQLDUMP
MYSQLTIMEOUT: 5000
MYSQLDUMP:    Is Supported 
FILTERED: [] 
RESPONSE: Ran from C:/xampp1/mysql/bin/mysqldump.exe 
TABLES: total:13 | filtered:0 | create:13 
SQL CREATED: 20180529_zet_ab6b085dd358f6992235180529114545_database.sql 
SQL FILE SIZE: 505KB (517117) 
SQL FILE TIME: 2018-05-29 11:46:03 
SQL RUNTIME: 2.64 sec. 

******************************************************************************** 
ARCHIVE (ZIP): 
******************************************************************************** 
ARCHIVE DIR:  C:/xampp1/htdocs/baigiamasis 
ARCHIVE FILE: 20180529_zet_ab6b085dd358f6992235180529114545_archive.zip 
FILTERS: *OFF* 
DIRS:
	not set 
FILES:
	not set 
EXTS:  not set 
---------------------------------------- 
COMPRESSING 
SIZE:	56.11MB 
STATS:	Dirs 208 | Files 1,962 
SQL ADDED: 20180529_zet_ab6b085dd358f6992235180529114545_database.sql 
ZipArchive Object
(
    [status] => 0
    [statusSys] => 0
    [numFiles] => 2170
    [filename] => C:\xampp1\htdocs\baigiamasis\wp-snapshots\tmp\20180529_zet_ab6b085dd358f6992235180529114545_archive.zip
    [comment] => 
)
 
COMPRESSION RESULT: '1' 
COMPRESSED SIZE: 27.01MB 
ARCHIVE RUNTIME: 59.42 sec. 
MEMORY STACK: 4MB 

******************************************************************************** 
MAKE INSTALLER: 
******************************************************************************** 
Build Start 
Build Finished 
Preping for use 
PACK SIZE:  
Template parsed with new data 
Complete [C:/xampp1/htdocs/baigiamasis/wp-snapshots/tmp/20180529_zet_ab6b085dd358f6992235180529114545_installer.php] 
Added to archive 

******************************************************************************** 
INTEGRITY CHECKS: 
******************************************************************************** 
SQL File: 505KB 
Installer File: 445.86KB 
Archive File: 27.01MB  

********************************************************************************
RECORD ID:[1]
TOTAL PROCESS RUNTIME: 77.80 sec.
PEAK PHP MEMORY USED: 4MB
DONE PROCESSING => 20180529_zet May 29, 2018 11:47 am
 
